[Licensing::Module] Trying to connect to existing licensing client channel...
Built from '6000.3/staging' branch; Version is '6000.3.11f1 (3000ef702840) revision 3145967'; Using compiler version '194234433'; Build Type 'Release'
[Licensing::IpcConnector] Successfully connected to: "LicenseClient-comes" at "2026-03-20T11:16:03.7553105Z"
OS: 'Windows 11  (10.0.26200) Professional' Language: 'ko' Physical Memory: 32461 MB
BatchMode: 1, IsHumanControllingUs: 0, StartBugReporterOnCrash: 0, Is64bit: 1
System  architecture: x64
Process architecture: x64
Date: 2026-03-20T11:16:03Z

COMMAND LINE ARGUMENTS:
C:\Program Files\Unity\Hub\Editor\6000.3.11f1\Editor\Unity.exe
-batchmode
-nographics
-projectPath
C:/Project/Match3
-executeMethod
BuildScript.BuildAndroid
-logFile
C:/Project/Match3/build_apk.log
-quit
Successfully changed project path to: C:/Project/Match3
C:/Project/Match3
DisplayDialog: Recovering Scene Backups Scene backups from a previous Editor session have been detected. Your scene might have been backed up when an Editor instance did not close correctly. 

Do you want to copy and preserve these backups in Assets/_Recovery/?
This should not be called in batch mode.
[UnityMemory] Configuration Parameters - Can be set up in boot.config
    "memorysetup-temp-allocator-size-nav-mesh-worker=65536"
    "memorysetup-temp-allocator-size-audio-worker=65536"
    "memorysetup-temp-allocator-size-gfx=262144"
    "memorysetup-allocator-temp-initial-block-size-main=262144"
    "memorysetup-allocator-temp-initial-block-size-worker=262144"
    "memorysetup-temp-allocator-size-background-worker=32768"
    "memorysetup-temp-allocator-size-job-worker=262144"
    "memorysetup-temp-allocator-size-preload-manager=33554432"
    "memorysetup-temp-allocator-size-gi-baking-worker=262144"
    "memorysetup-temp-allocator-size-gi-baking-worker=262144"
    "memorysetup-temp-allocator-size-gi-baking-worker=262144"
    "memorysetup-temp-allocator-size-gi-baking-worker=262144"
    "memorysetup-temp-allocator-size-gi-baking-worker=262144"
    "memorysetup-bucket-allocator-granularity=16"
    "memorysetup-bucket-allocator-bucket-count=8"
    "memorysetup-bucket-allocator-block-size=33554432"
    "memorysetup-bucket-allocator-block-count=8"
    "memorysetup-main-allocator-block-size=16777216"
    "memorysetup-thread-allocator-block-size=16777216"
    "memorysetup-gfx-main-allocator-block-size=16777216"
    "memorysetup-gfx-thread-allocator-block-size=16777216"
    "memorysetup-cache-allocator-block-size=4194304"
    "memorysetup-typetree-allocator-block-size=2097152"
    "memorysetup-profiler-bucket-allocator-granularity=16"
    "memorysetup-profiler-bucket-allocator-bucket-count=8"
    "memorysetup-profiler-bucket-allocator-block-size=33554432"
    "memorysetup-profiler-bucket-allocator-block-count=8"
    "memorysetup-profiler-allocator-block-size=16777216"
    "memorysetup-profiler-editor-allocator-block-size=1048576"
    "memorysetup-temp-allocator-size-main=16777216"
    "memorysetup-job-temp-allocator-block-size=2097152"
    "memorysetup-job-temp-allocator-block-size-background=1048576"
    "memorysetup-job-temp-allocator-reduction-small-platforms=262144"
    "memorysetup-temp-allocator-size-cloud-worker=32768"
Player connection [29892]  Target information:

Player connection [29892]  * "[IP] 192.168.0.9 [Port] 55504 [Flags] 2 [Guid] 43216103 [EditorId] 43216103 [Version] 1048832 [Id] WindowsEditor(7,DESKTOP-1J75GMB) [Debug] 1 [PackageName] WindowsEditor [ProjectName] Editor" 

Player connection [29892]  * "[IP] 172.26.0.1 [Port] 55504 [Flags] 2 [Guid] 43216103 [EditorId] 43216103 [Version] 1048832 [Id] WindowsEditor(7,DESKTOP-1J75GMB) [Debug] 1 [PackageName] WindowsEditor [ProjectName] Editor" 

Player connection [29892] Host joined multi-casting on [225.0.0.222:54997]...
Player connection [29892] Host joined alternative multi-casting on [225.0.0.222:34997]...
Input System module state changed to: Initialized.
[Physics::Module] Initialized fallback backend.
[Physics::Module] Id: 0xdecafbad
[Package Manager] Connected to IPC stream "Upm-27852" after 0.3 seconds.
[Licensing::Module] Licensing is not yet initialized.
[Licensing::Client] Error: HandshakeResponse reported an error:
	ResponseCode: 505
	ResponseStatus: Unsupported protocol version '1.18.0'.
[Licensing::Module] Error: Failed to handshake to channel: "LicenseClient-comes"
[Licensing::IpcConnector] LicenseClient-comes channel disconnected successfully.
[Licensing::IpcConnector] Channel LicenseClient-comes-6000.3.11 doesn't exist
[Licensing::Module] Successfully launched the LicensingClient (PId: 29984)
Starting IPC server.
Waiting for clients to connect on \\.\pipe\Unity-LicenseClient-comes-6000.3.11, press Ctrl-C to exit.
[Licensing::IpcConnector] Successfully connected to: "LicenseClient-comes-6000.3.11" at "2026-03-20T11:16:05.3922593Z"
[Licensing::Client] Handshaking with LicensingClient:
  Version:                 1.18.0+23225a6
  Session Id:              efe7942df8e249e2b00ba89891bb6727
  Correlation Id:          533dfe92afac239a66ba2dedcfb204cd
  External correlation Id: 3083942035561683765
  Machine Id:              m/RaGA04qJTOc9D5AS7EAWqUE5E=
[Licensing::Module] Successfully connected to LicensingClient on channel: "LicenseClient-comes-6000.3.11" (connect: 0.37s, validation: 0.29s, handshake: 0.11s)
[Licensing::IpcConnector] Successfully connected to: "LicenseClient-comes-6000.3.11-notifications" at "2026-03-20T11:16:05.7959115Z"
[Licensing::Module] Connected to LicensingClient (PId: 29984, launch time: 0.00, total connection time: 0.78s)
[Licensing::Module] Error: Access token is unavailable; failed to update
[Licensing::Client] Successfully resolved entitlement details
[Licensing::Module] License group:
  Id: 14569712575915-UnityPersXXXX
  Product: Unity Personal
  Type: Assigned
  Expiration: Unlimited
[Licensing::Client] Successfully updated license, isAsync: True, time: 0.01
[Licensing::Client] Successfully resolved entitlement details
[Licensing::Module] Licensing Background thread has ended after 2.08s
[Licensing::Module] Licensing is initialized (took 1.51s).
[Licensing::Client] Successfully resolved entitlement details
Library Redirect Path: Library/
[Physics::Module] Selected backend.
[Physics::Module] Name: PhysX
[Physics::Module] Id: 0xf2b8ea05
[Physics::Module] SDK Version: 4.1.2
[Physics::Module] Integration Version: 1.0.0
[Physics::Module] Threading Mode: Multi-Threaded
Artifact Garbage Collection - Removed 3 unused hashed content files
[Licensing::Client] Successfully resolved entitlement details
Refreshing native plugins compatible for Editor in 0.00 ms, found 0 plugins.
Preloading 0 native plugins for Editor in 0.00 ms.
Initialize engine version: 6000.3.11f1 (3000ef702840)
[Subsystems] Discovering subsystems at path C:/Program Files/Unity/Hub/Editor/6000.3.11f1/Editor/Data/Resources/UnitySubsystems
[Subsystems] Discovering subsystems at path C:/Project/Match3/Assets
Forcing GfxDevice: Null
GfxDevice: creating device client; kGfxThreadingModeNonThreaded
NullGfxDevice:
    Version:  NULL 1.0 [1.0]
    Renderer: Null Device
    Vendor:   Unity Technologies
Initialize mono
Mono path[0] = 'C:/Program Files/Unity/Hub/Editor/6000.3.11f1/Editor/Data/Managed'
Mono path[1] = 'C:/Program Files/Unity/Hub/Editor/6000.3.11f1/Editor/Data/MonoBleedingEdge/lib/mono/unityjit-win32'
Mono config path = 'C:/Program Files/Unity/Hub/Editor/6000.3.11f1/Editor/Data/MonoBleedingEdge/etc'
Using monoOptions --debugger-agent=transport=dt_socket,embedding=1,server=y,suspend=n,address=127.0.0.1:56852
Using cacheserver namespaces - metadata:defaultmetadata, artifacts:defaultartifacts
Using cacheserver namespaces - metadata:defaultmetadata, artifacts:defaultartifacts
ImportWorker Server TCP listen port: 0
AcceleratorClientConnectionCallback - disconnected - :0
Begin MonoManager ReloadAssembly
Registering precompiled unity dll's ...
Register platform support module: C:/Program Files/Unity/Hub/Editor/6000.3.11f1/Editor/Data/PlaybackEngines/WebGLSupport/UnityEditor.WebGL.Extensions.dll
Register platform support module: C:/Program Files/Unity/Hub/Editor/6000.3.11f1/Editor/Data/PlaybackEngines/WindowsStandaloneSupport/UnityEditor.WindowsStandalone.Extensions.dll
Register platform support module: C:/Program Files/Unity/Hub/Editor/6000.3.11f1/Editor/Data/PlaybackEngines/AndroidPlayer/UnityEditor.Android.Extensions.dll
Registered in 0.004001 seconds.
- Loaded All Assemblies, in  0.432 seconds
Native extension for Android target not found
Native extension for WindowsStandalone target not found
Native extension for WebGL target not found
Package Manager log level set to [2]
ScheduleIndexationOnStartup MainProcess:False IndexOnStartup:True
Mono: successfully reloaded assembly
- Finished resetting the current domain, in  0.360 seconds
Domain Reload Profiling: 785ms
	BeginReloadAssembly (153ms)
		ExecutionOrderSort (0ms)
		DisableScriptedObjects (0ms)
		BackupInstance (0ms)
		ReleaseScriptingObjects (0ms)
		CreateAndSetChildDomain (12ms)
	RebuildCommonClasses (35ms)
	RebuildNativeTypeToScriptingClass (10ms)
	initialDomainReloadingComplete (47ms)
	LoadAllAssembliesAndSetupDomain (179ms)
		LoadAssemblies (139ms)
		RebuildTransferFunctionScriptingTraits (0ms)
		AnalyzeDomain (175ms)
			TypeCache.Refresh (173ms)
				TypeCache.ScanAssembly (160ms)
			BuildScriptInfoCaches (0ms)
			ResolveRequiredComponents (0ms)
	FinalizeReload (360ms)
		ReleaseScriptCaches (0ms)
		RebuildScriptCaches (0ms)
		SetupLoadedEditorAssemblies (330ms)
			LogAssemblyErrors (0ms)
			InitializePlatformSupportModulesInManaged (53ms)
			SetLoadedEditorAssemblies (4ms)
			BeforeProcessingInitializeOnLoad (70ms)
			ProcessInitializeOnLoadAttributes (118ms)
			ProcessInitializeOnLoadMethodAttributes (85ms)
			AfterProcessingInitializeOnLoad (0ms)
			EditorAssembliesLoaded (0ms)
		ExecutionOrderSort2 (0ms)
		AwakeInstancesAfterBackupRestoration (0ms)
[Licensing::Client] Successfully resolved entitlement details
[Licensing::Client] Successfully resolved entitlement details
Application.AssetDatabase Initial Refresh Start
[Package Manager] Restoring resolved packages state from cache
[Licensing::Client] Successfully resolved entitlement details
[Package Manager] Registered 44 packages:
  Packages from [https://packages.unity.com]:
    com.unity.ide.rider@3.0.39 (location: C:\Project\Match3\Library\PackageCache\com.unity.ide.rider@4504839d03f7)
    com.unity.ide.visualstudio@2.0.26 (location: C:\Project\Match3\Library\PackageCache\com.unity.ide.visualstudio@a99d56dec63f)
  Built-in packages:
    com.unity.2d.sprite@1.0.0 (location: C:\Project\Match3\Library\PackageCache\com.unity.2d.sprite@d14b9d497a24)
    com.unity.2d.tilemap@1.0.0 (location: C:\Project\Match3\Library\PackageCache\com.unity.2d.tilemap@f011712243ad)
    com.unity.multiplayer.center@1.0.1 (location: C:\Project\Match3\Library\PackageCache\com.unity.multiplayer.center@f01f4ba8d00a)
    com.unity.test-framework@1.6.0 (location: C:\Project\Match3\Library\PackageCache\com.unity.test-framework@0b7a23ab2e1d)
    com.unity.ugui@2.0.0 (location: C:\Project\Match3\Library\PackageCache\com.unity.ugui@f17df9b1ab21)
    com.unity.modules.accessibility@1.0.0 (location: C:\Project\Match3\Library\PackageCache\com.unity.modules.accessibility)
    com.unity.modules.adaptiveperformance@1.0.0 (location: C:\Project\Match3\Library\PackageCache\com.unity.modules.adaptiveperformance)
    com.unity.modules.ai@1.0.0 (location: C:\Project\Match3\Library\PackageCache\com.unity.modules.ai)
    com.unity.modules.androidjni@1.0.0 (location: C:\Project\Match3\Library\PackageCache\com.unity.modules.androidjni)
    com.unity.modules.animation@1.0.0 (location: C:\Project\Match3\Library\PackageCache\com.unity.modules.animation)
    com.unity.modules.assetbundle@1.0.0 (location: C:\Project\Match3\Library\PackageCache\com.unity.modules.assetbundle)
    com.unity.modules.audio@1.0.0 (location: C:\Project\Match3\Library\PackageCache\com.unity.modules.audio)
    com.unity.modules.cloth@1.0.0 (location: C:\Project\Match3\Library\PackageCache\com.unity.modules.cloth)
    com.unity.modules.director@1.0.0 (location: C:\Project\Match3\Library\PackageCache\com.unity.modules.director)
    com.unity.modules.imageconversion@1.0.0 (location: C:\Project\Match3\Library\PackageCache\com.unity.modules.imageconversion)
    com.unity.modules.imgui@1.0.0 (location: C:\Project\Match3\Library\PackageCache\com.unity.modules.imgui)
    com.unity.modules.jsonserialize@1.0.0 (location: C:\Project\Match3\Library\PackageCache\com.unity.modules.jsonserialize)
    com.unity.modules.particlesystem@1.0.0 (location: C:\Project\Match3\Library\PackageCache\com.unity.modules.particlesystem)
    com.unity.modules.physics@1.0.0 (location: C:\Project\Match3\Library\PackageCache\com.unity.modules.physics)
    com.unity.modules.physics2d@1.0.0 (location: C:\Project\Match3\Library\PackageCache\com.unity.modules.physics2d)
    com.unity.modules.screencapture@1.0.0 (location: C:\Project\Match3\Library\PackageCache\com.unity.modules.screencapture)
    com.unity.modules.terrain@1.0.0 (location: C:\Project\Match3\Library\PackageCache\com.unity.modules.terrain)
    com.unity.modules.terrainphysics@1.0.0 (location: C:\Project\Match3\Library\PackageCache\com.unity.modules.terrainphysics)
    com.unity.modules.tilemap@1.0.0 (location: C:\Project\Match3\Library\PackageCache\com.unity.modules.tilemap)
    com.unity.modules.ui@1.0.0 (location: C:\Project\Match3\Library\PackageCache\com.unity.modules.ui)
    com.unity.modules.uielements@1.0.0 (location: C:\Project\Match3\Library\PackageCache\com.unity.modules.uielements)
    com.unity.modules.umbra@1.0.0 (location: C:\Project\Match3\Library\PackageCache\com.unity.modules.umbra)
    com.unity.modules.unityanalytics@1.0.0 (location: C:\Project\Match3\Library\PackageCache\com.unity.modules.unityanalytics)
    com.unity.modules.unitywebrequest@1.0.0 (location: C:\Project\Match3\Library\PackageCache\com.unity.modules.unitywebrequest)
    com.unity.modules.unitywebrequestassetbundle@1.0.0 (location: C:\Project\Match3\Library\PackageCache\com.unity.modules.unitywebrequestassetbundle)
    com.unity.modules.unitywebrequestaudio@1.0.0 (location: C:\Project\Match3\Library\PackageCache\com.unity.modules.unitywebrequestaudio)
    com.unity.modules.unitywebrequesttexture@1.0.0 (location: C:\Project\Match3\Library\PackageCache\com.unity.modules.unitywebrequesttexture)
    com.unity.modules.unitywebrequestwww@1.0.0 (location: C:\Project\Match3\Library\PackageCache\com.unity.modules.unitywebrequestwww)
    com.unity.modules.vectorgraphics@1.0.0 (location: C:\Project\Match3\Library\PackageCache\com.unity.modules.vectorgraphics)
    com.unity.modules.vehicles@1.0.0 (location: C:\Project\Match3\Library\PackageCache\com.unity.modules.vehicles)
    com.unity.modules.video@1.0.0 (location: C:\Project\Match3\Library\PackageCache\com.unity.modules.video)
    com.unity.modules.vr@1.0.0 (location: C:\Project\Match3\Library\PackageCache\com.unity.modules.vr)
    com.unity.modules.wind@1.0.0 (location: C:\Project\Match3\Library\PackageCache\com.unity.modules.wind)
    com.unity.modules.xr@1.0.0 (location: C:\Project\Match3\Library\PackageCache\com.unity.modules.xr)
    com.unity.modules.subsystems@1.0.0 (location: C:\Project\Match3\Library\PackageCache\com.unity.modules.subsystems)
    com.unity.modules.hierarchycore@1.0.0 (location: C:\Project\Match3\Library\PackageCache\com.unity.modules.hierarchycore)
    com.unity.ext.nunit@2.0.5 (location: C:\Project\Match3\Library\PackageCache\com.unity.ext.nunit@d8c07649098d)
[Subsystems] No new subsystems found in resolved package list.
[Package Manager] Done registering packages in 0.03 seconds
info: Microsoft.Hosting.Lifetime[14]
      Now listening on: http://localhost:80
info: Microsoft.Hosting.Lifetime[0]
      Application started. Press Ctrl+C to shut down.
info: Microsoft.Hosting.Lifetime[0]
      Hosting environment: Production
info: Microsoft.Hosting.Lifetime[0]
      Content root path: C:\Project\Match3\
info: Microsoft.AspNetCore.Hosting.Diagnostics[1]
      Request starting HTTP/2 POST http://ilpp/UnityILPP.PostProcessing/Ping application/grpc -
info: Microsoft.AspNetCore.Routing.EndpointMiddleware[0]
      Executing endpoint 'gRPC - /UnityILPP.PostProcessing/Ping'
info: Microsoft.AspNetCore.Routing.EndpointMiddleware[1]
      Executed endpoint 'gRPC - /UnityILPP.PostProcessing/Ping'
info: Microsoft.AspNetCore.Hosting.Diagnostics[2]
      Request finished HTTP/2 POST http://ilpp/UnityILPP.PostProcessing/Ping application/grpc - - 200 - application/grpc 33.7172ms
Starting: C:\Program Files\Unity\Hub\Editor\6000.3.11f1\Editor\Data\Tools\BuildPipeline\bee_backend.exe --ipc --defer-dag-verification --dagfile="Library/Bee/1300b0aE.dag" --continue-on-failure --profile="Library/Bee/backend1.traceevents" ScriptAssemblies
WorkingDir: C:/Project/Match3
DisplayProgressbar: Compiling Scripts
Starting: C:\Program Files\Unity\Hub\Editor\6000.3.11f1\Editor\Data\netcorerun\netcorerun.exe "C:\Program Files\Unity\Hub\Editor\6000.3.11f1\Editor\Data\Tools\BuildPipeline\ScriptCompilationBuildProgram.exe" "Library/Bee/1300b0aE.dag.json" "Library/Bee/1300b0aE-inputdata.json" "Library\Bee\buildprogram0.traceevents"
WorkingDir: C:/Project/Match3
ExitCode: 4 Duration: 0s128ms
Rebuilding DAG because FileSignature timestamp changed: Library/Bee/1300b0aE-inputdata.json
*** Tundra requires additional run (0.09 seconds), 0 items updated, 285 evaluated
ExitCode: 0 Duration: 0s251ms
Starting: C:\Program Files\Unity\Hub\Editor\6000.3.11f1\Editor\Data\Tools\BuildPipeline\bee_backend.exe --ipc --defer-dag-verification --dagfile="Library/Bee/1300b0aE.dag" --continue-on-failure --dagfilejson="Library\Bee\1300b0aE.dag.json" --profile="Library/Bee/backend2.traceevents" ScriptAssemblies
WorkingDir: C:/Project/Match3
ExitCode: 0 Duration: 0s146ms
Finished compiling graph: 288 nodes, 3204 flattened edges (2974 ToBuild, 32 ToUse), maximum node priority 160
*** Tundra build success (0.12 seconds), 0 items updated, 285 evaluated
AssetDatabase: script compilation time: 0.946610s
Begin MonoManager ReloadAssembly
- Loaded All Assemblies, in  0.547 seconds
Refreshing native plugins compatible for Editor in 0.00 ms, found 0 plugins.
Native extension for Android target not found
Native extension for WindowsStandalone target not found
Native extension for WebGL target not found
[FixArchitecture] IL2CPP+ARM64: ARM64, X86_64 -> ARM64, X86_64
UnityEngine.Debug:ExtractStackTraceNoAlloc (byte*,int,string)
UnityEngine.StackTraceUtility:ExtractStackTrace ()
UnityEngine.DebugLogHandler:Internal_Log (UnityEngine.LogType,UnityEngine.LogOption,string,UnityEngine.Object)
UnityEngine.DebugLogHandler:LogFormat (UnityEngine.LogType,UnityEngine.Object,string,object[])
UnityEngine.Logger:Log (UnityEngine.LogType,object)
UnityEngine.Debug:Log (object)
FixArchitecture:.cctor () (at Assets/Editor/FixArchitecture.cs:15)
System.Runtime.CompilerServices.RuntimeHelpers:RunClassConstructor (System.RuntimeTypeHandle)
UnityEditor.EditorAssemblies:ProcessInitializeOnLoadAttributes (System.Type[])

(Filename: Assets/Editor/FixArchitecture.cs Line: 15)

ScheduleIndexationOnStartup MainProcess:True IndexOnStartup:True
Mono: successfully reloaded assembly
- Finished resetting the current domain, in  0.463 seconds
Domain Reload Profiling: 1006ms
	BeginReloadAssembly (298ms)
		ExecutionOrderSort (0ms)
		DisableScriptedObjects (12ms)
		BackupInstance (0ms)
		ReleaseScriptingObjects (0ms)
		CreateAndSetChildDomain (152ms)
	RebuildCommonClasses (31ms)
	RebuildNativeTypeToScriptingClass (11ms)
	initialDomainReloadingComplete (23ms)
	LoadAllAssembliesAndSetupDomain (179ms)
		LoadAssemblies (234ms)
		RebuildTransferFunctionScriptingTraits (0ms)
		AnalyzeDomain (43ms)
			TypeCache.Refresh (29ms)
				TypeCache.ScanAssembly (22ms)
			BuildScriptInfoCaches (9ms)
			ResolveRequiredComponents (2ms)
	FinalizeReload (463ms)
		ReleaseScriptCaches (0ms)
		RebuildScriptCaches (0ms)
		SetupLoadedEditorAssemblies (361ms)
			LogAssemblyErrors (0ms)
			InitializePlatformSupportModulesInManaged (35ms)
			SetLoadedEditorAssemblies (2ms)
			BeforeProcessingInitializeOnLoad (110ms)
			ProcessInitializeOnLoadAttributes (144ms)
			ProcessInitializeOnLoadMethodAttributes (62ms)
			AfterProcessingInitializeOnLoad (8ms)
			EditorAssembliesLoaded (0ms)
		ExecutionOrderSort2 (0ms)
		AwakeInstancesAfterBackupRestoration (11ms)
Asset Pipeline Refresh (id=01af0c0f982418a4596201852c7e6fb6): Total: 2.275 seconds - Initiated by InitialRefreshV2(ForceSynchronousImport)
	Summary:
		Imports: total=0 (actual=0, local cache=0, cache server=0)
		Asset DB Process Time: managed=0 ms, native=711 ms
		Asset DB Callback time: managed=20 ms, native=33 ms
		Scripting: domain reloads=1, domain reload time=547 ms, compile time=948 ms, other=13 ms
		Project Asset Count: scripts=318, non-scripts=405
		Asset File Changes: new=0, changed=0, moved=0, deleted=0
		Scan Filter Count: 0
	InvokeCustomDependenciesCallbacks: 0.002ms
	InvokePackagesCallback: 35.913ms
	ApplyChangesToAssetFolders: 0.522ms
	Scan: 145.171ms
	OnSourceAssetsModified: 0.003ms
	CategorizeAssetsWithTransientArtifact: 5.955ms
	ProcessAssetsWithTransientArtifactChanges: 13.895ms
	CategorizeAssets: 5.849ms
	ImportOutOfDateAssets: 465.101ms (-483.862ms without children)
		CompileScripts: 948.369ms
		ReloadNativeAssets: 0.001ms
		UnloadImportedAssets: 0.128ms
		EnsureUptoDateAssetsAreRegisteredWithGuidPM: 0.083ms
		InitializingProgressBar: 0.000ms
		PostProcessAllAssetNotificationsAddChangedAssets: 0.001ms
		OnDemandSchedulerStart: 0.381ms
	PostProcessAllAssets: 20.362ms
	GatherAllCurrentPrimaryArtifactRevisions: 0.003ms
	UnloadStreamsBegin: 1.127ms
	PersistCurrentRevisions: 0.020ms
	UnloadStreamsEnd: 0.002ms
	GenerateScriptTypeHashes: 1.211ms
	Untracked: 1580.824ms

Application.AssetDatabase Initial Refresh End
Scanning for USB devices : 3.709ms
Initializing Unity extensions:
[MODES] ModeService[none].Initialize
[MODES] ModeService[none].LoadModes
[MODES] Loading mode Default (0) for mode-current-id-Match3
Cannot add menu item 'Build/Android ARM64 (Direct)' for method 'FixArchitecture.BuildAndroid' because a menu item with the same name already exists.
UnityEngine.Debug:ExtractStackTraceNoAlloc (byte*,int,string)
UnityEngine.StackTraceUtility:ExtractStackTrace ()
UnityEngine.DebugLogHandler:Internal_Log (UnityEngine.LogType,UnityEngine.LogOption,string,UnityEngine.Object)
UnityEngine.DebugLogHandler:LogFormat (UnityEngine.LogType,UnityEngine.Object,string,object[])
UnityEngine.Logger:Log (UnityEngine.LogType,object)
UnityEngine.Debug:LogWarning (object)
UnityEditor.MenuItemScriptCommand:Update (UnityEditor.MenuItem,System.Reflection.MethodInfo)
UnityEditor.MenuService:ExtractMenuItemsFromAttributes ()
UnityEditor.MenuService:GetMenuItemsFromAttributesById (string)
UnityEditor.MenuService:GetMenuItemsFromAttributes ()

Unloading 3 Unused Serialized files (Serialized files now loaded: 0)
Unloading 1100 unused Assets / (1.5 MB). Loaded Objects now: 1710.
Memory consumption went from 99.7 MB to 98.2 MB.
Total: 7.554300 ms (FindLiveObjects: 0.129900 ms CreateObjectMapping: 0.033500 ms MarkObjects: 6.663400 ms  DeleteObjects: 0.726400 ms)

[BuildScript] 씬 수: 4
UnityEngine.Debug:ExtractStackTraceNoAlloc (byte*,int,string)
UnityEngine.StackTraceUtility:ExtractStackTrace ()
UnityEngine.DebugLogHandler:Internal_Log (UnityEngine.LogType,UnityEngine.LogOption,string,UnityEngine.Object)
UnityEngine.DebugLogHandler:LogFormat (UnityEngine.LogType,UnityEngine.Object,string,object[])
UnityEngine.Logger:Log (UnityEngine.LogType,object)
UnityEngine.Debug:Log (object)
BuildScript:BuildAndroid () (at Assets/Editor/BuildScript.cs:31)

(Filename: Assets/Editor/BuildScript.cs Line: 31)

[BuildScript] 씬: Assets/Scenes/LevelSelect.unity
UnityEngine.Debug:ExtractStackTraceNoAlloc (byte*,int,string)
UnityEngine.StackTraceUtility:ExtractStackTrace ()
UnityEngine.DebugLogHandler:Internal_Log (UnityEngine.LogType,UnityEngine.LogOption,string,UnityEngine.Object)
UnityEngine.DebugLogHandler:LogFormat (UnityEngine.LogType,UnityEngine.Object,string,object[])
UnityEngine.Logger:Log (UnityEngine.LogType,object)
UnityEngine.Debug:Log (object)
BuildScript:BuildAndroid () (at Assets/Editor/BuildScript.cs:32)

(Filename: Assets/Editor/BuildScript.cs Line: 32)

[BuildScript] 씬: Assets/Scenes/Level01.unity
UnityEngine.Debug:ExtractStackTraceNoAlloc (byte*,int,string)
UnityEngine.StackTraceUtility:ExtractStackTrace ()
UnityEngine.DebugLogHandler:Internal_Log (UnityEngine.LogType,UnityEngine.LogOption,string,UnityEngine.Object)
UnityEngine.DebugLogHandler:LogFormat (UnityEngine.LogType,UnityEngine.Object,string,object[])
UnityEngine.Logger:Log (UnityEngine.LogType,object)
UnityEngine.Debug:Log (object)
BuildScript:BuildAndroid () (at Assets/Editor/BuildScript.cs:32)

(Filename: Assets/Editor/BuildScript.cs Line: 32)

[BuildScript] 씬: Assets/Scenes/Level02.unity
UnityEngine.Debug:ExtractStackTraceNoAlloc (byte*,int,string)
UnityEngine.StackTraceUtility:ExtractStackTrace ()
UnityEngine.DebugLogHandler:Internal_Log (UnityEngine.LogType,UnityEngine.LogOption,string,UnityEngine.Object)
UnityEngine.DebugLogHandler:LogFormat (UnityEngine.LogType,UnityEngine.Object,string,object[])
UnityEngine.Logger:Log (UnityEngine.LogType,object)
UnityEngine.Debug:Log (object)
BuildScript:BuildAndroid () (at Assets/Editor/BuildScript.cs:32)

(Filename: Assets/Editor/BuildScript.cs Line: 32)

[BuildScript] 씬: Assets/Scenes/Level03.unity
UnityEngine.Debug:ExtractStackTraceNoAlloc (byte*,int,string)
UnityEngine.StackTraceUtility:ExtractStackTrace ()
UnityEngine.DebugLogHandler:Internal_Log (UnityEngine.LogType,UnityEngine.LogOption,string,UnityEngine.Object)
UnityEngine.DebugLogHandler:LogFormat (UnityEngine.LogType,UnityEngine.Object,string,object[])
UnityEngine.Logger:Log (UnityEngine.LogType,object)
UnityEngine.Debug:Log (object)
BuildScript:BuildAndroid () (at Assets/Editor/BuildScript.cs:32)

(Filename: Assets/Editor/BuildScript.cs Line: 32)

Start importing ProjectSettings/ProjectSettings.asset using Guid(00000000000000004000000000000000) (LibraryAssetImporter) -> (artifact id: '06dcd9150aba68f82d5b596cc70d2c38') in 0.0069071 seconds
Refreshing native plugins compatible for Editor in 0.00 ms, found 0 plugins.
Preloading 0 native plugins for Editor in 0.00 ms.
Asset Pipeline Refresh (id=202413245a63e354e9fc5d72e9c6eb21): Total: 0.095 seconds - Initiated by StopAssetImportingV2(NoUpdateAssetOptions)
DisplayProgressbar: Checking prerequisites
Reporting tool paths:
 JDK: 'C:\Program Files\Unity\Hub\Editor\6000.3.11f1\Editor\Data\PlaybackEngines\AndroidPlayer\OpenJDK'
 Android SDK: 'C:\Program Files\Unity\Hub\Editor\6000.3.11f1\Editor\Data\PlaybackEngines\AndroidPlayer\SDK'
 Android NDK: 'C:\Program Files\Unity\Hub\Editor\6000.3.11f1\Editor\Data\PlaybackEngines\AndroidPlayer\NDK'
 Gradle: 'C:\Program Files\Unity\Hub\Editor\6000.3.11f1\Editor\Data\PlaybackEngines\AndroidPlayer\Tools\gradle' (Gradle Version: '8.13' Android Plugin Version: '8.10.0')
Target Architecture x86-64 (Magic Leap) is deprecated and will be fully removed in a future version of Unity. Support for Magic Leap is now limited.
UnityEngine.Debug:ExtractStackTraceNoAlloc (byte*,int,string)
UnityEngine.StackTraceUtility:ExtractStackTrace ()
UnityEngine.DebugLogHandler:Internal_Log (UnityEngine.LogType,UnityEngine.LogOption,string,UnityEngine.Object)
UnityEngine.DebugLogHandler:LogFormat (UnityEngine.LogType,UnityEngine.Object,string,object[])
UnityEngine.Logger:Log (UnityEngine.LogType,object)
UnityEngine.Debug:LogWarning (object)
UnityEditor.Android.PostProcessor.Tasks.CheckPrerequisites:WarnOrErrorAboutDeprecatedArchitectures (UnityEditor.Android.PostProcessor.PostProcessorContext) (at /home/bokken/build/output/unity/unity/PlatformDependent/AndroidPlayer/Editor/Managed/PostProcessor/Tasks/CheckPrerequisites.cs:494)
UnityEditor.Android.PostProcessor.Tasks.CheckPrerequisites:Execute (UnityEditor.Android.PostProcessor.PostProcessorContext) (at /home/bokken/build/output/unity/unity/PlatformDependent/AndroidPlayer/Editor/Managed/PostProcessor/Tasks/CheckPrerequisites.cs:69)
UnityEditor.Android.PostProcessor.PostProcessRunner:RunAllTasks (UnityEditor.Android.PostProcessor.PostProcessorContext) (at /home/bokken/build/output/unity/unity/PlatformDependent/AndroidPlayer/Editor/Managed/PostProcessor/AndroidPostProcessor.cs:112)
UnityEditor.Android.PostProcessAndroidPlayer:PrepareForBuild (UnityEditor.BuildOptions,UnityEditor.BuildTarget) (at /home/bokken/build/output/unity/unity/PlatformDependent/AndroidPlayer/Editor/Managed/PostProcessAndroidPlayer.cs:60)
UnityEditor.Android.AndroidBuildPostprocessor:PrepareForBuild (UnityEditor.BuildPlayerOptions) (at /home/bokken/build/output/unity/unity/PlatformDependent/AndroidPlayer/Editor/Managed/ExtensionModule.cs:1253)
UnityEditor.PostprocessBuildPlayer:PrepareForBuild (UnityEditor.BuildPlayerOptions)
UnityEditor.BuildPipeline:BuildPlayerInternalNoCheck (string[],string,string,UnityEditor.BuildTargetGroup,UnityEditor.BuildTarget,int,UnityEditor.BuildOptions,string[],bool)
UnityEditor.BuildPipeline:BuildPlayerInternal (string[],string,string,UnityEditor.BuildTargetGroup,UnityEditor.BuildTarget,int,UnityEditor.BuildOptions,string[])
UnityEditor.BuildPipeline:BuildPlayer (string[],string,string,UnityEditor.BuildTargetGroup,UnityEditor.BuildTarget,int,UnityEditor.BuildOptions,string[])
UnityEditor.BuildPipeline:BuildPlayer (UnityEditor.BuildPlayerOptions)
BuildScript:BuildAndroid () (at Assets/Editor/BuildScript.cs:34)

(Filename: /home/bokken/build/output/unity/unity/PlatformDependent/AndroidPlayer/Editor/Managed/PostProcessor/Tasks/CheckPrerequisites.cs Line: 494)

Android PostProcess task "Checking prerequisites" took 25.3848 ms
DisplayProgressbar: Detect Java Development Kit (JDK)
Android PostProcess task "Detect Java Development Kit (JDK)" took 86.2156 ms
DisplayProgressbar: Detecting Android SDK
AndroidSDKTools:

	root          : C:\Program Files\Unity\Hub\Editor\6000.3.11f1\Editor\Data\PlaybackEngines\AndroidPlayer\SDK
	cmdline-tools : C:\Program Files\Unity\Hub\Editor\6000.3.11f1\Editor\Data\PlaybackEngines\AndroidPlayer\SDK\cmdline-tools\16.0
	platform-tools: C:\Program Files\Unity\Hub\Editor\6000.3.11f1\Editor\Data\PlaybackEngines\AndroidPlayer\SDK\platform-tools
	build-tools   : C:\Program Files\Unity\Hub\Editor\6000.3.11f1\Editor\Data\PlaybackEngines\AndroidPlayer\SDK\build-tools\36.0.0

	adb           : C:\Program Files\Unity\Hub\Editor\6000.3.11f1\Editor\Data\PlaybackEngines\AndroidPlayer\SDK\platform-tools\adb.exe

Android PostProcess task "Detecting Android SDK" took 2692.315 ms
DisplayProgressbar: Detect Android NDK
Android PostProcess task "Detect Android NDK" took 1.4647 ms
Android PostProcess task "Trying to find a suitable Android device" took 0.3587 ms
DisplayProgressbar: Check resources
Android PostProcess task "Check resources" took 0.2262 ms
DisplayProgressbar: Check Android Player Settings
The orientation specified is not compatible with Android TV.
Please select Landscape or AutoRotation with Landscape enabled orientation, or disable Android TV compatibility in Player Settings.
UnityEngine.Debug:ExtractStackTraceNoAlloc (byte*,int,string)
UnityEngine.StackTraceUtility:ExtractStackTrace ()
UnityEngine.DebugLogHandler:Internal_Log (UnityEngine.LogType,UnityEngine.LogOption,string,UnityEngine.Object)
UnityEngine.DebugLogHandler:LogFormat (UnityEngine.LogType,UnityEngine.Object,string,object[])
UnityEngine.Logger:Log (UnityEngine.LogType,object)
UnityEngine.Debug:LogWarning (object)
UnityEditor.Android.PostProcessor.Tasks.CheckSettings:Execute (UnityEditor.Android.PostProcessor.PostProcessorContext) (at /home/bokken/build/output/unity/unity/PlatformDependent/AndroidPlayer/Editor/Managed/PostProcessor/Tasks/CheckSettings.cs:23)
UnityEditor.Android.PostProcessor.PostProcessRunner:RunAllTasks (UnityEditor.Android.PostProcessor.PostProcessorContext) (at /home/bokken/build/output/unity/unity/PlatformDependent/AndroidPlayer/Editor/Managed/PostProcessor/AndroidPostProcessor.cs:112)
UnityEditor.Android.PostProcessAndroidPlayer:PrepareForBuild (UnityEditor.BuildOptions,UnityEditor.BuildTarget) (at /home/bokken/build/output/unity/unity/PlatformDependent/AndroidPlayer/Editor/Managed/PostProcessAndroidPlayer.cs:60)
UnityEditor.Android.AndroidBuildPostprocessor:PrepareForBuild (UnityEditor.BuildPlayerOptions) (at /home/bokken/build/output/unity/unity/PlatformDependent/AndroidPlayer/Editor/Managed/ExtensionModule.cs:1253)
UnityEditor.PostprocessBuildPlayer:PrepareForBuild (UnityEditor.BuildPlayerOptions)
UnityEditor.BuildPipeline:BuildPlayerInternalNoCheck (string[],string,string,UnityEditor.BuildTargetGroup,UnityEditor.BuildTarget,int,UnityEditor.BuildOptions,string[],bool)
UnityEditor.BuildPipeline:BuildPlayerInternal (string[],string,string,UnityEditor.BuildTargetGroup,UnityEditor.BuildTarget,int,UnityEditor.BuildOptions,string[])
UnityEditor.BuildPipeline:BuildPlayer (string[],string,string,UnityEditor.BuildTargetGroup,UnityEditor.BuildTarget,int,UnityEditor.BuildOptions,string[])
UnityEditor.BuildPipeline:BuildPlayer (UnityEditor.BuildPlayerOptions)
BuildScript:BuildAndroid () (at Assets/Editor/BuildScript.cs:34)

(Filename: /home/bokken/build/output/unity/unity/PlatformDependent/AndroidPlayer/Editor/Managed/PostProcessor/Tasks/CheckSettings.cs Line: 23)

Android PostProcess task "Check Android Player Settings" took 1.7807 ms
Launched and connected shader compiler UnityShaderCompiler.exe after 0.01 seconds
info: Microsoft.AspNetCore.Hosting.Diagnostics[1]
      Request starting HTTP/2 POST http://ilpp/UnityILPP.PostProcessing/Ping application/grpc -
info: Microsoft.AspNetCore.Routing.EndpointMiddleware[0]
      Executing endpoint 'gRPC - /UnityILPP.PostProcessing/Ping'
info: Microsoft.AspNetCore.Routing.EndpointMiddleware[1]
      Executed endpoint 'gRPC - /UnityILPP.PostProcessing/Ping'
info: Microsoft.AspNetCore.Hosting.Diagnostics[2]
      Request finished HTTP/2 POST http://ilpp/UnityILPP.PostProcessing/Ping application/grpc - - 200 - application/grpc 1.8783ms
Starting: C:\Program Files\Unity\Hub\Editor\6000.3.11f1\Editor\Data\Tools\BuildPipeline\bee_backend.exe --ipc --defer-dag-verification --dagfile="Library/Bee/1300b0aESkipCompile.dag" --continue-on-failure --profile="Library/Bee/backend1.traceevents" ScriptAssembliesAndTypeDB
WorkingDir: C:/Project/Match3
DisplayProgressbar: Compiling Scripts
ExitCode: 0 Duration: 0s333ms
[2/3        0s] BuildPlayerDataGenerator Library/BuildPlayerData/Editor/TypeDb-All.json
*** Tundra build success (0.30 seconds), 1 items updated, 3 evaluated
Asset Pipeline Refresh (id=df987bb506cb0bc49b0dab2a7721fcb5): Total: 0.003 seconds - Initiated by RefreshV2(NoUpdateAssetOptions)
[ScriptCompilation] Requested script compilation because: Recompiling scripts for player build.
BuildPlayer: start building target 13
Total cache size 159115113
Total cache size after purge 159115113, took 00:00:00.0855362
info: Microsoft.AspNetCore.Hosting.Diagnostics[1]
      Request starting HTTP/2 POST http://ilpp/UnityILPP.PostProcessing/Ping application/grpc -
info: Microsoft.AspNetCore.Routing.EndpointMiddleware[0]
      Executing endpoint 'gRPC - /UnityILPP.PostProcessing/Ping'
info: Microsoft.AspNetCore.Routing.EndpointMiddleware[1]
      Executed endpoint 'gRPC - /UnityILPP.PostProcessing/Ping'
info: Microsoft.AspNetCore.Hosting.Diagnostics[2]
      Request finished HTTP/2 POST http://ilpp/UnityILPP.PostProcessing/Ping application/grpc - - 200 - application/grpc 0.4414ms
Starting: C:\Program Files\Unity\Hub\Editor\6000.3.11f1\Editor\Data\Tools\BuildPipeline\bee_backend.exe --ipc --defer-dag-verification --dagfile="Library/Bee/1300b0aP.dag" --continue-on-failure --profile="Library/Bee/backend1.traceevents" ScriptAssembliesAndTypeDB
WorkingDir: C:/Project/Match3
ExitCode: 0 Duration: 1s57ms
[110/123    0s] CopyFiles Library/Bee/PlayerScriptAssemblies/UnityEngine.UI.pdb
[111/123    0s] CopyFiles Library/Bee/PlayerScriptAssemblies/UnityEngine.UI.dll
[112/123    0s] CopyFiles Library/Bee/PlayerScriptAssemblies/Unity.InternalAPIEngineBridge.004.dll
[113/123    0s] CopyFiles Library/Bee/PlayerScriptAssemblies/Unity.InternalAPIEngineBridge.004.pdb
[114/123    0s] CopyFiles Library/Bee/PlayerScriptAssemblies/Unity.Multiplayer.Center.Common.pdb
[115/123    0s] CopyFiles Library/Bee/PlayerScriptAssemblies/Unity.Multiplayer.Center.Common.dll
[116/123    0s] CopyFiles Library/Bee/PlayerScriptAssemblies/Unity.TextMeshPro.dll
[117/123    0s] CopyFiles Library/Bee/PlayerScriptAssemblies/Unity.TextMeshPro.pdb
[118/123    0s] Csc Library/Bee/artifacts/1300b0aP.dag/Assembly-CSharp.dll (+2 others)
[119/123    0s] CopyFiles Library/Bee/PlayerScriptAssemblies/Assembly-CSharp.pdb
[120/123    0s] CopyFiles Library/Bee/PlayerScriptAssemblies/Assembly-CSharp.dll
[122/123    0s] BuildPlayerDataGenerator Library/BuildPlayerData/Player/RuntimeInitializeOnLoads.json (+1 other)
*** Tundra build success (1.03 seconds), 12 items updated, 123 evaluated
Total cache size 159115113
Total cache size after purge 159115113, took 00:00:00.0717333
Not rebuilding Data files -- no changes


Mono dependencies included in the build
Dependency assembly - System.Security.Cryptography.Encoding.dll
Dependency assembly - System.Reflection.Emit.Lightweight.dll
Dependency assembly - System.ServiceModel.NetTcp.dll
Dependency assembly - System.ServiceProcess.dll
Dependency assembly - System.Threading.Overlapped.dll
Dependency assembly - System.Data.Linq.dll
Dependency assembly - System.ServiceModel.dll
Dependency assembly - Unity.InternalAPIEngineBridge.004.dll
Dependency assembly - System.Threading.ThreadPool.dll
Dependency assembly - System.IdentityModel.dll
Dependency assembly - System.Net.Ping.dll
Dependency assembly - System.Diagnostics.Process.dll
Dependency assembly - System.ComponentModel.TypeConverter.dll
Dependency assembly - System.Diagnostics.FileVersionInfo.dll
Dependency assembly - System.Reflection.Primitives.dll
Dependency assembly - System.Data.Services.Client.dll
Dependency assembly - System.Web.DynamicData.dll
Dependency assembly - System.Windows.dll
Dependency assembly - Microsoft.Win32.Primitives.dll
Dependency assembly - System.Security.Cryptography.RSA.dll
Dependency assembly - System.Data.Entity.dll
Dependency assembly - System.IO.FileSystem.Primitives.dll
Dependency assembly - System.Text.Encoding.Extensions.dll
Dependency assembly - System.Threading.Thread.dll
Dependency assembly - System.DirectoryServices.dll
Dependency assembly - System.Data.Common.dll
Dependency assembly - Assembly-CSharp.dll
Dependency assembly - System.Web.Services.dll
Dependency assembly - System.Diagnostics.Tools.dll
Dependency assembly - System.Xml.ReaderWriter.dll
Dependency assembly - System.Web.dll
Dependency assembly - System.Net.Security.dll
Dependency assembly - System.Runtime.Serialization.Json.dll
Dependency assembly - System.Collections.Concurrent.dll
Dependency assembly - System.Security.Cryptography.RandomNumberGenerator.dll
Dependency assembly - System.ComponentModel.Annotations.dll
Dependency assembly - System.Net.Sockets.dll
Dependency assembly - System.Security.SecureString.dll
Dependency assembly - System.Xml.dll
Dependency assembly - System.Security.Cryptography.Hashing.dll
Dependency assembly - System.Security.Cryptography.OpenSsl.dll
Dependency assembly - System.Globalization.Extensions.dll
Dependency assembly - System.Net.NameResolution.dll
Dependency assembly - System.IO.UnmanagedMemoryStream.dll
Dependency assembly - System.Reflection.TypeExtensions.dll
Dependency assembly - System.Threading.Tasks.Parallel.dll
Dependency assembly - System.Xml.Linq.dll
Dependency assembly - System.Net.Http.dll
Dependency assembly - System.Resources.ReaderWriter.dll
Dependency assembly - System.Security.dll
Dependency assembly - System.ServiceModel.Internals.dll
Dependency assembly - System.ServiceModel.Routing.dll
Dependency assembly - System.Net.Http.WebRequest.dll
Dependency assembly - mscorlib.dll
Dependency assembly - System.Numerics.dll
Dependency assembly - System.ValueTuple.dll
Dependency assembly - System.Runtime.Serialization.Xml.dll
Dependency assembly - System.IO.FileSystem.AccessControl.dll
Dependency assembly - System.Runtime.CompilerServices.VisualC.dll
Dependency assembly - System.Security.Cryptography.Cng.dll
Dependency assembly - System.Net.WebSockets.Client.dll
Dependency assembly - System.ServiceModel.Http.dll
Dependency assembly - System.Net.WebHeaderCollection.dll
Dependency assembly - System.Net.WebSockets.dll
Dependency assembly - System.Security.Cryptography.X509Certificates.dll
Dependency assembly - System.ComponentModel.Primitives.dll
Dependency assembly - System.Data.Services.dll
Dependency assembly - System.ServiceProcess.ServiceController.dll
Dependency assembly - Microsoft.CSharp.dll
Dependency assembly - System.Text.Encoding.CodePages.dll
Dependency assembly - System.IO.Compression.FileSystem.dll
Dependency assembly - System.Runtime.Serialization.Formatters.Soap.dll
Dependency assembly - System.Transactions.dll
Dependency assembly - System.Xml.Serialization.dll
Dependency assembly - System.Runtime.Loader.dll
Dependency assembly - System.Threading.AccessControl.dll
Dependency assembly - System.Collections.dll
Dependency assembly - System.Xml.XmlDocument.dll
Dependency assembly - System.ComponentModel.EventBasedAsync.dll
Dependency assembly - System.IO.IsolatedStorage.dll
Dependency assembly - System.Runtime.Handles.dll
Dependency assembly - System.Text.Encoding.dll
Dependency assembly - System.Reflection.Extensions.dll
Dependency assembly - System.Diagnostics.StackTrace.dll
Dependency assembly - System.ServiceModel.Security.dll
Dependency assembly - System.Runtime.Caching.dll
Dependency assembly - System.Net.Cache.dll
Dependency assembly - System.dll
Dependency assembly - System.Drawing.Design.dll
Dependency assembly - System.Security.Cryptography.Encryption.dll
Dependency assembly - System.Reflection.Context.dll
Dependency assembly - System.AppContext.dll
Dependency assembly - System.EnterpriseServices.dll
Dependency assembly - System.Xml.XmlSerializer.dll
Dependency assembly - System.Security.Cryptography.Algorithms.dll
Dependency assembly - I18N.CJK.dll
Dependency assembly - System.IO.dll
Dependency assembly - System.Globalization.dll
Dependency assembly - System.ServiceModel.Duplex.dll
Dependency assembly - System.Net.Requests.dll
Dependency assembly - System.Web.Extensions.Design.dll
Dependency assembly - System.Security.Principal.dll
Dependency assembly - System.Memory.dll
Dependency assembly - System.Reflection.dll
Dependency assembly - System.Design.dll
Dependency assembly - System.Buffers.dll
Dependency assembly - System.ObjectModel.dll
Dependency assembly - Mono.Data.Sqlite.dll
Dependency assembly - System.ComponentModel.Composition.dll
Dependency assembly - System.Diagnostics.TextWriterTraceListener.dll
Dependency assembly - System.Diagnostics.Contracts.dll
Dependency assembly - System.Runtime.InteropServices.dll
Dependency assembly - System.Resources.ResourceManager.dll
Dependency assembly - Unity.Multiplayer.Center.Common.dll
Dependency assembly - Mono.Data.Tds.dll
Dependency assembly - System.Security.AccessControl.dll
Dependency assembly - System.Security.Cryptography.ProtectedData.dll
Dependency assembly - System.Net.dll
Dependency assembly - System.Globalization.Calendars.dll
Dependency assembly - I18N.West.dll
Dependency assembly - System.Core.dll
Dependency assembly - System.ServiceModel.Discovery.dll
Dependency assembly - System.Data.SqlClient.dll
Dependency assembly - System.Resources.Reader.dll
Dependency assembly - System.Threading.Tasks.Extensions.dll
Dependency assembly - System.Xaml.dll
Dependency assembly - System.Diagnostics.TraceEvent.dll
Dependency assembly - System.IO.FileSystem.Watcher.dll
Dependency assembly - UnityEngine.UI.dll
Dependency assembly - System.Xml.XDocument.dll
Dependency assembly - System.ServiceModel.Web.dll
Dependency assembly - System.Drawing.dll
Dependency assembly - System.ServiceModel.Primitives.dll
Dependency assembly - System.Diagnostics.Debug.dll
Dependency assembly - System.Messaging.dll
Dependency assembly - Microsoft.Win32.Registry.dll
Dependency assembly - System.Linq.dll
Dependency assembly - System.Linq.Parallel.dll
Dependency assembly - System.Threading.Tasks.dll
Dependency assembly - Mono.Security.dll
Dependency assembly - System.Threading.dll
Dependency assembly - System.Security.Cryptography.Csp.dll
Dependency assembly - System.Net.Mail.dll
Dependency assembly - System.Xml.XPath.XDocument.dll
Dependency assembly - System.Security.Claims.dll
Dependency assembly - System.Configuration.Install.dll
Dependency assembly - System.Collections.NonGeneric.dll
Dependency assembly - I18N.Other.dll
Dependency assembly - System.Json.dll
Dependency assembly - System.Dynamic.Runtime.dll
Dependency assembly - System.Windows.Forms.DataVisualization.dll
Dependency assembly - System.Runtime.InteropServices.RuntimeInformation.dll
Dependency assembly - System.Diagnostics.TraceSource.dll
Dependency assembly - System.Web.ApplicationServices.dll
Dependency assembly - System.Security.Cryptography.Encryption.ECDsa.dll
Dependency assembly - Unity.TextMeshPro.dll
Dependency assembly - System.Security.Cryptography.Hashing.Algorithms.dll
Dependency assembly - I18N.Rare.dll
Dependency assembly - System.Net.HttpListener.dll
Dependency assembly - System.Numerics.Vectors.dll
Dependency assembly - System.Linq.Queryable.dll
Dependency assembly - System.Linq.Expressions.dll
Dependency assembly - System.Xml.XPath.XmlDocument.dll
Dependency assembly - System.Runtime.Extensions.dll
Dependency assembly - System.Reflection.Emit.dll
Dependency assembly - System.Security.Cryptography.Encryption.ECDiffieHellman.dll
Dependency assembly - System.ComponentModel.dll
Dependency assembly - System.Security.Cryptography.Primitives.dll
Dependency assembly - Accessibility.dll
Dependency assembly - System.IO.MemoryMappedFiles.dll
Dependency assembly - System.ServiceModel.Activation.dll
Dependency assembly - System.Runtime.DurableInstancing.dll
Dependency assembly - System.IO.Compression.dll
Dependency assembly - System.Web.Extensions.dll
Dependency assembly - System.Net.NetworkInformation.dll
Dependency assembly - I18N.dll
Dependency assembly - System.DirectoryServices.Protocols.dll
Dependency assembly - System.Runtime.InteropServices.WindowsRuntime.dll
Dependency assembly - System.Security.Principal.Windows.dll
Dependency assembly - System.Runtime.Serialization.dll
Dependency assembly - System.Data.DataSetExtensions.dll
Dependency assembly - I18N.MidEast.dll
Dependency assembly - System.Web.RegularExpressions.dll
Dependency assembly - System.IO.Pipes.dll
Dependency assembly - System.Reflection.DispatchProxy.dll
Dependency assembly - System.Data.dll
Dependency assembly - System.Runtime.Remoting.dll
Dependency assembly - System.Xml.Xsl.Primitives.dll
Dependency assembly - System.Management.dll
Dependency assembly - System.Net.ServicePoint.dll
Dependency assembly - System.Threading.Timer.dll
Dependency assembly - System.ComponentModel.DataAnnotations.dll
Dependency assembly - System.IdentityModel.Selectors.dll
Dependency assembly - System.Security.Cryptography.DeriveBytes.dll
Dependency assembly - System.Net.Utilities.dll
Dependency assembly - System.Windows.Forms.dll
Dependency assembly - System.Drawing.Primitives.dll
Dependency assembly - System.Resources.Writer.dll
Dependency assembly - System.Net.Primitives.dll
Dependency assembly - System.Runtime.Serialization.Primitives.dll
Dependency assembly - System.IO.FileSystem.DriveInfo.dll
Dependency assembly - System.IO.Compression.ZipFile.dll
Dependency assembly - System.Xml.XPath.dll
Dependency assembly - netstandard.dll
Dependency assembly - System.Runtime.Serialization.Formatters.dll
Dependency assembly - System.Collections.Specialized.dll
Dependency assembly - System.Configuration.dll
Dependency assembly - System.Data.OracleClient.dll
Dependency assembly - System.Security.Cryptography.Pkcs.dll
Dependency assembly - Microsoft.Win32.Registry.AccessControl.dll
Dependency assembly - System.Diagnostics.Tracing.dll
Dependency assembly - System.Text.RegularExpressions.dll
Dependency assembly - System.Reflection.Emit.ILGeneration.dll
Dependency assembly - System.IO.FileSystem.dll
Dependency assembly - System.Net.AuthenticationManager.dll
Dependency assembly - System.Console.dll
Dependency assembly - System.Runtime.Numerics.dll
Dependency assembly - System.Runtime.dll
Dependency assembly - System.Security.Cryptography.Encryption.Aes.dll

DisplayProgressbar: Initializing
Android PostProcess task "Initializing" took 0.8086 ms
DisplayProgressbar: Check gradle project collisions
Android PostProcess task "Check gradle project collisions" took 0.2362 ms
DisplayProgressbar: Preparing banner
Android PostProcess task "Preparing banner" took 1.069 ms
info: Microsoft.AspNetCore.Hosting.Diagnostics[1]
      Request starting HTTP/2 POST http://ilpp/UnityILPP.PostProcessing/Ping application/grpc -
info: Microsoft.AspNetCore.Routing.EndpointMiddleware[0]
      Executing endpoint 'gRPC - /UnityILPP.PostProcessing/Ping'
info: Microsoft.AspNetCore.Routing.EndpointMiddleware[1]
      Executed endpoint 'gRPC - /UnityILPP.PostProcessing/Ping'
info: Microsoft.AspNetCore.Hosting.Diagnostics[2]
      Request finished HTTP/2 POST http://ilpp/UnityILPP.PostProcessing/Ping application/grpc - - 200 - application/grpc 0.1888ms
Starting: C:\Program Files\Unity\Hub\Editor\6000.3.11f1\Editor\Data\Tools\BuildPipeline\bee_backend.exe --ipc --dagfile="Library/Bee/Playera91e7a37.dag" --profile="Library/Bee/backend1.traceevents" Player
WorkingDir: C:/Project/Match3
DisplayProgressbar: Incremental Player Build
[W] FindFirstFile() failed: C:\Project\Match3\Library\Bee\artifacts\Android\il2cppOutput\cpp\Symbols
[113/958    0s] AddBootConfigGUID Library/Bee/artifacts/Android/boot.config
[116/958    0s] CopyFiles C:/Project/Match3/Library/Bee/Android/Prj/IL2CPP/Gradle/unityLibrary/src/main/assets/bin/Data/boot.config
[117/958    3s] UnityLinker C:/Project/Match3/Library/Bee/artifacts/unitylinker_xy1a.traceevents
C:\Program Files\Unity\Hub\Editor\6000.3.11f1\Editor\Data\il2cpp\build\deploy\UnityLinker.exe @Library\Bee\artifacts\rsp\11275883378430713690.rsp
[200/958    0s] CopyFiles C:/Project/Match3/Library/Bee/Android/Prj/IL2CPP/Il2CppBackup/Managed/Assembly-CSharp.pdb
[201/958    0s] CopyFiles C:/Project/Match3/Library/Bee/Android/Prj/IL2CPP/Il2CppBackup/Managed/Assembly-CSharp.dll
[202/958    0s] CopyFiles C:/Project/Match3/Library/Bee/Android/Prj/IL2CPP/Il2CppBackup/Managed/UnityEngine.InputLegacyModule.dll
[203/958    0s] CopyFiles C:/Project/Match3/Library/Bee/Android/Prj/IL2CPP/Il2CppBackup/Managed/UnityEngine.InputLegacyModule.pdb
[208/958    0s] ExtractUsedFeatures Library/Bee/artifacts/Android/Features/UnityEngine.InputLegacyModule-FeaturesChecked.txt
[209/958    0s] ExtractUsedFeatures Library/Bee/artifacts/Android/Features/Assembly-CSharp-FeaturesChecked.txt
[210/958    1s] ICallRegistrationGenerator C:/Project/Match3/Library/Bee/artifacts/Android/il2cppOutput/UnityICallRegistration.cpp
[211/958    0s] Compile UnityICallRegistration Library/Bee/artifacts/Android/libunity/x86_64/UnityICallRegistration.o
clang++: warning: '-x c++' after last input file has no effect [-Wunused-command-line-argument]
[212/958    0s] Compile UnityICallRegistration Library/Bee/artifacts/Android/libunity/arm64-v8a/UnityICallRegistration.o
clang++: warning: '-x c++' after last input file has no effect [-Wunused-command-line-argument]
[213/958    2s] Link libunity Library/Bee/artifacts/Android/libunity/x86_64/unstripped/libunity.so
[214/958    0s] Stripping Library/Bee/artifacts/Android/libunity/x86_64/unstripped/libunity.so -> Library/Bee/artifacts/Android/libunity/x86_64/stripped/libunity.so Library/Bee/artifacts/Android/libunity/x86_64/stripped/libunity.so
[215/958    0s] Generate Library/Bee/artifacts/Android/libunity/x86_64/libunity.dbg.so from Library/Bee/artifacts/Android/libunity/x86_64/unstripped/libunity.so Library/Bee/artifacts/Android/libunity/x86_64/libunity.dbg.so
[216/958    0s] Generate Library/Bee/artifacts/Android/libunity/x86_64/libunity.sym.so from Library/Bee/artifacts/Android/libunity/x86_64/libunity.dbg.so Library/Bee/artifacts/Android/libunity/x86_64/libunity.sym.so
[217/958    3s] Link libunity Library/Bee/artifacts/Android/libunity/arm64-v8a/unstripped/libunity.so
[218/958    0s] Adding note Library/Bee/artifacts/Android/libunity/x86_64/stripped/libunity.so -> C:/Project/Match3/Library/Bee/Android/Prj/IL2CPP/Gradle/unityLibrary/src/main/jniLibs/x86_64/libunity.so C:/Project/Match3/Library/Bee/Android/Prj/IL2CPP/Gradle/unityLibrary/src/main/jniLibs/x86_64/libunity.so
[219/958    0s] Stripping Library/Bee/artifacts/Android/libunity/arm64-v8a/unstripped/libunity.so -> Library/Bee/artifacts/Android/libunity/arm64-v8a/stripped/libunity.so Library/Bee/artifacts/Android/libunity/arm64-v8a/stripped/libunity.so
[220/958    0s] Generate Library/Bee/artifacts/Android/libunity/arm64-v8a/libunity.dbg.so from Library/Bee/artifacts/Android/libunity/arm64-v8a/unstripped/libunity.so Library/Bee/artifacts/Android/libunity/arm64-v8a/libunity.dbg.so
[221/958    4s] IL2CPP_CodeGen C:/Project/Match3/Library/Bee/artifacts/il2cpp_conv_p9s6.traceevents
C:\Program Files\Unity\Hub\Editor\6000.3.11f1\Editor\Data\il2cpp\build\deploy\il2cpp.exe --convert-to-cpp --assembly=Library/Bee/artifacts/Android/ManagedStripped/Assembly-CSharp.dll --assembly=Library/Bee/artifacts/Android/ManagedStripped/Mono.Security.dll --assembly=Library/Bee/artifacts/Android/ManagedStripped/mscorlib.dll --assembly=Library/Bee/artifacts/Android/ManagedStripped/System.Configuration.dll --assembly=Library/Bee/artifacts/Android/ManagedStripped/System.Core.dll --assembly=Library/Bee/artifacts/Android/ManagedStripped/System.dll --assembly=Library/Bee/artifacts/Android/ManagedStripped/System.Xml.dll --assembly=Library/Bee/artifacts/Android/ManagedStripped/UnityEngine.AIModule.dll --assembly=Library/Bee/artifacts/Android/ManagedStripped/UnityEngine.AndroidJNIModule.dll --assembly=Library/Bee/artifacts/Android/ManagedStripped/UnityEngine.AnimationModule.dll --assembly=Library/Bee/artifacts/Android/ManagedStripped/UnityEngine.AudioModule.dll --assembly=Library/Bee/artifacts/Android/ManagedStripped/UnityEngine.CoreModule.dll --assembly=Library/Bee/artifacts/Android/ManagedStripped/UnityEngine.dll --assembly=Library/Bee/artifacts/Android/ManagedStripped/UnityEngine.GridModule.dll --assembly=Library/Bee/artifacts/Android/ManagedStripped/UnityEngine.HierarchyCoreModule.dll --assembly=Library/Bee/artifacts/Android/ManagedStripped/UnityEngine.IMGUIModule.dll --assembly=Library/Bee/artifacts/Android/ManagedStripped/UnityEngine.InputForUIModule.dll --assembly=Library/Bee/artifacts/Android/ManagedStripped/UnityEngine.InputLegacyModule.dll --assembly=Library/Bee/artifacts/Android/ManagedStripped/UnityEngine.MultiplayerModule.dll --assembly=Library/Bee/artifacts/Android/ManagedStripped/UnityEngine.Physics2DModule.dll --assembly=Library/Bee/artifacts/Android/ManagedStripped/UnityEngine.PhysicsModule.dll --assembly=Library/Bee/artifacts/Android/ManagedStripped/UnityEngine.PropertiesModule.dll --assembly=Library/Bee/artifacts/Android/ManagedStripped/UnityEngine.SharedInternalsModule.dll --assembly=Library/Bee/artifacts/Android/ManagedStripped/UnityEngine.SpriteShapeModule.dll --assembly=Library/Bee/artifacts/Android/ManagedStripped/UnityEngine.TextCoreFontEngineModule.dll --assembly=Library/Bee/artifacts/Android/ManagedStripped/UnityEngine.TextCoreTextEngineModule.dll --assembly=Library/Bee/artifacts/Android/ManagedStripped/UnityEngine.TextRenderingModule.dll --assembly=Library/Bee/artifacts/Android/ManagedStripped/UnityEngine.TilemapModule.dll --assembly=Library/Bee/artifacts/Android/ManagedStripped/UnityEngine.UI.dll --assembly=Library/Bee/artifacts/Android/ManagedStripped/UnityEngine.UIElementsModule.dll --assembly=Library/Bee/artifacts/Android/ManagedStripped/UnityEngine.UIModule.dll --generatedcppdir=C:/Project/Match3/Library/Bee/artifacts/Android/il2cppOutput/cpp --symbols-folder=C:/Project/Match3/Library/Bee/artifacts/Android/il2cppOutput/cpp/Symbols --enable-analytics --emit-null-checks --enable-array-bounds-check --dotnetprofile=unityaot-linux --usymtool-path=C:/Program Files/Unity/Hub/Editor/6000.3.11f1/Editor/Data/Tools\usymtool.exe --profiler-report --profiler-output-file=C:/Project/Match3/Library/Bee/artifacts/il2cpp_conv_p9s6.traceevents --print-command-line --static-lib-il2-cpp --data-folder=C:/Project/Match3/Library/Bee/artifacts/Android/il2cppOutput/data
[325/958    0s] Generate Library/Bee/artifacts/Android/libunity/arm64-v8a/libunity.sym.so from Library/Bee/artifacts/Android/libunity/arm64-v8a/libunity.dbg.so Library/Bee/artifacts/Android/libunity/arm64-v8a/libunity.sym.so
[595/958    0s] C_Android_x64 Library/Bee/artifacts/Android/hu7xe/fyylgarj5sws.o
[606/958    0s] C_Android_x64 Library/Bee/artifacts/Android/hu7xe/fk744wpjyqu3.o
[609/958    0s] C_Android_arm64 Library/Bee/artifacts/Android/d8kzr/fyylgarj5sws.o
[615/958    0s] C_Android_arm64 Library/Bee/artifacts/Android/d8kzr/py8ie5nz84uv.o
[617/958    0s] C_Android_arm64 Library/Bee/artifacts/Android/d8kzr/fk744wpjyqu3.o
[618/958    0s] C_Android_arm64 Library/Bee/artifacts/Android/d8kzr/t6x7izgfm1ty.o
[686/958    0s] CopyFiles C:/Project/Match3/Library/Bee/Android/Prj/IL2CPP/Il2CppBackup/il2cppOutput/Assembly-CSharp.cpp
[692/958    0s] C_Android_x64 Library/Bee/artifacts/Android/hu7xe/py8ie5nz84uv.o
[694/958    0s] C_Android_x64 Library/Bee/artifacts/Android/hu7xe/l3pua7teesed.o
[696/958    0s] C_Android_arm64 Library/Bee/artifacts/Android/d8kzr/l3pua7teesed.o
[755/958    0s] CopyFiles C:/Project/Match3/Library/Bee/Android/Prj/IL2CPP/Il2CppBackup/il2cppOutput/Il2CppCCalculateFieldValues1.cpp
[757/958    0s] CopyFiles C:/Project/Match3/Library/Bee/Android/Prj/IL2CPP/Il2CppBackup/il2cppOutput/Assembly-CSharp_CodeGen.c
[764/958    0s] CopyFiles C:/Project/Match3/Library/Bee/artifacts/Android/il2cppOutput/build/arm64-v8a/Data/Resources/mscorlib.dll-resources.dat
[769/958    0s] CopyFiles C:/Project/Match3/Library/Bee/Android/Prj/IL2CPP/Il2CppBackup/il2cppOutput/Il2CppGenericMethodDefinitions.c
[829/958    0s] CopyFiles C:/Project/Match3/Library/Bee/Android/Prj/IL2CPP/Gradle/unityLibrary/src/main/assets/bin/Data/Managed/Metadata/global-metadata.dat
[833/958    0s] CopyFiles C:/Project/Match3/Library/Bee/Android/Prj/IL2CPP/Il2CppBackup/il2cppOutput/Il2CppMetadataUsage.c
[834/958    0s] CopyFiles C:/Project/Match3/Library/Bee/Android/Prj/IL2CPP/Il2CppBackup/il2cppOutput/Il2CppCCFieldValuesTable.c
[849/958    0s] CopyFiles C:/Project/Match3/Library/Bee/Android/Prj/IL2CPP/Il2CppBackup/il2cppOutput/Il2CppMetadataRegistration.c
[864/958    0s] CopyFiles C:/Project/Match3/Library/Bee/Android/Prj/IL2CPP/Il2CppBackup/il2cppOutput/UnityEngine.InputLegacyModule_CodeGen.c
[865/958    0s] CopyFiles C:/Project/Match3/Library/Bee/Android/Prj/IL2CPP/Il2CppBackup/il2cppOutput/Il2CppRgctxTable.c
[871/958    0s] CopyFiles C:/Project/Match3/Library/Bee/Android/Prj/IL2CPP/Il2CppBackup/il2cppOutput/UnityEngine.InputLegacyModule.cpp
[886/958    0s] CopyFiles C:/Project/Match3/Library/Bee/Android/Prj/IL2CPP/Il2CppBackup/il2cppOutput/Il2CppCCTypeValuesTable.c
[894/958    0s] CopyFiles C:/Project/Match3/Library/Bee/Android/Prj/IL2CPP/Gradle/unityLibrary/src/main/assets/bin/Data/Managed/Resources/mscorlib.dll-resources.dat
[900/958    0s] CopyFiles C:/Project/Match3/Library/Bee/Android/Prj/IL2CPP/Il2CppBackup/il2cppOutput/Il2CppTypeDefinitions.c
[904/958    0s] CopyFiles C:/Project/Match3/Library/Bee/Android/Prj/IL2CPP/Il2CppBackup/il2cppOutput/Il2CppCCalculateTypeValues.cpp
[918/958    0s] CopyFiles C:/Project/Match3/Library/Bee/artifacts/Android/il2cppOutput/build/arm64-v8a/Data/Metadata/global-metadata.dat
[919/958    0s] C_Android_x64 Library/Bee/artifacts/Android/hu7xe/rco5swq9ptsw.o
[920/958    0s] Adding note Library/Bee/artifacts/Android/libunity/arm64-v8a/stripped/libunity.so -> C:/Project/Match3/Library/Bee/Android/Prj/IL2CPP/Gradle/unityLibrary/src/main/jniLibs/arm64-v8a/libunity.so C:/Project/Match3/Library/Bee/Android/Prj/IL2CPP/Gradle/unityLibrary/src/main/jniLibs/arm64-v8a/libunity.so
[921/958    1s] C_Android_arm64 Library/Bee/artifacts/Android/d8kzr/rco5swq9ptsw.o
[922/958    0s] C_Android_x64 Library/Bee/artifacts/Android/hu7xe/t6x7izgfm1ty.o
[923/958    1s] C_Android_arm64 Library/Bee/artifacts/Android/d8kzr/7bx2r6bjq1lh.o
[924/958    1s] C_Android_x64 Library/Bee/artifacts/Android/hu7xe/7bx2r6bjq1lh.o
[925/958    0s] GuidGenerator C:/Project/Match3/Library/Bee/Android/Prj/IL2CPP/Gradle/unityLibrary/src/main/assets/bin/Data/unity_app_guid
[926/958    1s] C_Android_arm64 Library/Bee/artifacts/Android/d8kzr/9dhaymyuabyi.o
[927/958    0s] C_Android_x64 Library/Bee/artifacts/Android/hu7xe/9dhaymyuabyi.o
[928/958    2s] C_Android_x64 Library/Bee/artifacts/Android/hu7xe/dmcqe55qjv7b.o
[929/958    1s] C_Android_arm64 Library/Bee/artifacts/Android/d8kzr/dmcqe55qjv7b.o
[BUSY       7s] C_Android_arm64 Library/Bee/artifacts/Android/d8kzr/q1yikf84zumf.o
[930/958    8s] C_Android_x64 Library/Bee/artifacts/Android/hu7xe/fepcuhk9e2p5.o
[931/958    8s] C_Android_arm64 Library/Bee/artifacts/Android/d8kzr/fepcuhk9e2p5.o
[932/958    9s] C_Android_x64 Library/Bee/artifacts/Android/hu7xe/q1yikf84zumf.o
[933/958    9s] C_Android_arm64 Library/Bee/artifacts/Android/d8kzr/q1yikf84zumf.o
[934/958    8s] C_Android_x64 Library/Bee/artifacts/Android/hu7xe/jmgd7kv93xsz.o
[935/958    9s] C_Android_arm64 Library/Bee/artifacts/Android/d8kzr/jmgd7kv93xsz.o
[936/958    9s] C_Android_arm64 Library/Bee/artifacts/Android/d8kzr/lvs9sx0asvxr.o
[937/958    8s] C_Android_x64 Library/Bee/artifacts/Android/hu7xe/lvs9sx0asvxr.o
[938/958    2s] Link_Android_x64 Library/Bee/artifacts/Android/hu7xe/libil2cpp.so
[939/958    0s] CopyFiles Library/Bee/artifacts/objcopy_lfx0/libil2cpp.dbg.so
[940/958    0s] CopyFiles C:/Project/Match3/Library/Bee/artifacts/Android/il2cppOutput/build/x86_64/libil2cpp.dbg.so
[941/958    2s] Link_Android_arm64 Library/Bee/artifacts/Android/d8kzr/libil2cpp.so
[942/958    0s] NdkObjCopy Library/Bee/artifacts/objcopy_lfx0/libil2cpp.sym.so
[943/958    0s] CopyFiles C:/Project/Match3/Library/Bee/artifacts/Android/il2cppOutput/build/x86_64/libil2cpp.sym.so
[944/958    0s] CopyFiles Library/Bee/artifacts/objcopy_5lmi/libil2cpp.dbg.so
[945/958    0s] NdkObjCopy Library/Bee/artifacts/objcopy_lfx0/stripped/libil2cpp.so
[946/958    0s] CopyFiles C:/Project/Match3/Library/Bee/artifacts/Android/il2cppOutput/build/arm64-v8a/libil2cpp.dbg.so
[947/958    0s] NdkObjCopy Library/Bee/artifacts/objcopy_lfx0/libil2cpp.so
[948/958    0s] CopyFiles C:/Project/Match3/Library/Bee/Android/Prj/IL2CPP/Gradle/unityLibrary/src/main/jniLibs/x86_64/libil2cpp.so
[949/958    0s] CopyFiles C:/Project/Match3/Library/Bee/artifacts/Android/il2cppOutput/build/x86_64/libil2cpp.so
[950/958    0s] NdkObjCopy Library/Bee/artifacts/objcopy_5lmi/stripped/libil2cpp.so
[951/958    0s] NdkObjCopy Library/Bee/artifacts/objcopy_5lmi/libil2cpp.sym.so
[952/958    0s] CopyFiles C:/Project/Match3/Library/Bee/artifacts/Android/il2cppOutput/build/arm64-v8a/libil2cpp.sym.so
[953/958    0s] NdkObjCopy Library/Bee/artifacts/objcopy_5lmi/libil2cpp.so
[954/958    0s] CopyFiles C:/Project/Match3/Library/Bee/Android/Prj/IL2CPP/Gradle/unityLibrary/src/main/jniLibs/arm64-v8a/libil2cpp.so
[955/958    0s] CopyFiles C:/Project/Match3/Library/Bee/artifacts/Android/il2cppOutput/build/arm64-v8a/libil2cpp.so
*** Tundra requires additional run (21.71 seconds), 85 items updated, 958 evaluated
*** Additional run caused by: timestamp change of Library/Bee/artifacts/Android/Features/UnityEngine.InputLegacyModule-FeaturesChecked.txt
Starting: C:\Program Files\Unity\Hub\Editor\6000.3.11f1\Editor\Data\netcorerun\netcorerun.exe "C:\Program Files\Unity\Hub\Editor\6000.3.11f1\Editor\Data\PlaybackEngines\AndroidPlayer\AndroidPlayerBuildProgram.exe" "C:/Program Files/Unity/Hub/Editor/6000.3.11f1/Editor/Data/PlaybackEngines/AndroidPlayer/Bee;C:/Program Files/Unity/Hub/Editor/6000.3.11f1/Editor/Data/Tools/BuildPipeline" "Library/Bee/Playera91e7a37.dag.json" "Library/Bee/Playera91e7a37-inputdata.json" "Library\Bee\buildprogram0.traceevents"
WorkingDir: C:/Project/Match3
ExitCode: 4 Duration: 21s
ExitCode: 0 Duration: 1s626ms
Starting: C:\Program Files\Unity\Hub\Editor\6000.3.11f1\Editor\Data\Tools\BuildPipeline\bee_backend.exe --ipc --dagfile="Library/Bee/Playera91e7a37.dag" --dagfilejson="Library\Bee\Playera91e7a37.dag.json" --profile="Library/Bee/backend2.traceevents" Player
WorkingDir: C:/Project/Match3
Finished compiling graph: 1339 nodes, 3563 flattened edges (3557 ToBuild, 6 ToUse), maximum node priority 829
[223/959    0s] CopyFiles C:/Project/Match3/Library/Bee/Android/Prj/IL2CPP/Il2CppBackup/Managed/icallsummary.txt
*** Tundra build success (0.28 seconds), 1 items updated, 959 evaluated
ExitCode: 0 Duration: 0s315ms
DisplayProgressbar: Calling IPostGenerateGradleAndroidProject callbacks
Calling IPostGenerateGradleAndroidProject callbacks on 'C:\Project\Match3\Library\Bee\Android\Prj\IL2CPP\Gradle\unityLibrary':
Android PostProcess task "Calling IPostGenerateGradleAndroidProject callbacks" took 0.8989 ms
DisplayProgressbar: Validate Gradle Project
Android PostProcess task "Validate Gradle Project" took 20.5167 ms
Android PostProcess task "Unity Services Symbol Upload" took 0.3729 ms
DisplayProgressbar: Building Gradle project
Total cache size 159115113
Total cache size after purge 159115113, took 00:00:00.1065945
Starting: C:\Program Files\Unity\Hub\Editor\6000.3.11f1\Editor\Data\PlaybackEngines\AndroidPlayer\OpenJDK\bin\java.exe -classpath "C:\Program Files\Unity\Hub\Editor\6000.3.11f1\Editor\Data\PlaybackEngines\AndroidPlayer\Tools\gradle\lib\gradle-launcher-8.13.jar" org.gradle.launcher.GradleMain "-Dorg.gradle.jvmargs=-Xmx4096m" "assembleRelease" 
WorkingDir: C:/Project/Match3/Library/Bee/Android/Prj/IL2CPP/Gradle\launcher
Android PostProcess task "Building Gradle project" took 24306.289 ms
DisplayProgressbar: Building Gradle Symbols
Android PostProcess task "Building Gradle Symbols" took 0.3599 ms
DisplayProgressbar: Processing Mapping File
Android PostProcess task "Processing Mapping File" took 0.3262 ms
DisplayProgressbar: Moving output package(s)
Deleting file 'C:/Project/Match3/Build/Match3.apk'
Copy 'C:/Project/Match3/Library/Bee/Android/Prj/IL2CPP/Gradle\launcher\build\outputs\apk\release\launcher-release.apk' -> 
 'C:/Project/Match3/Build/Match3.apk'
Android PostProcess task "Moving output package(s)" took 24.5294 ms
Android PostProcess task "Checking Symbols size" took 0.7218 ms
Refreshing native plugins compatible for Editor in 0.00 ms, found 0 plugins.
Preloading 0 native plugins for Editor in 0.00 ms.

-------------------------------------------------------------------------------
Build Report
Information on used Assets is not available, since player data was not rebuilt.
Do a clean build to view the Asset build report information.
-------------------------------------------------------------------------------
Unloading 4 Unused Serialized files (Serialized files now loaded: 0)
Unloading 26 unused Assets / (0.7 MB). Loaded Objects now: 1762.
Memory consumption went from 103.0 MB to 102.2 MB.
Total: 5.882600 ms (FindLiveObjects: 0.160000 ms CreateObjectMapping: 0.035400 ms MarkObjects: 5.365900 ms  DeleteObjects: 0.319800 ms)

DisplayProgressNotification: Build Successful
Build Finished, Result: Success.
##utp:{"type":"PlayerBuildInfo","version":2,"phase":"Immediate","time":1774005423035,"processId":27852,"steps":[{"description":"Preprocess Player","duration":11},{"description":"Prepare For Build","duration":2822},{"description":"ProducePlayerScriptAssemblies","duration":1633},{"description":"Verify Build setup","duration":66},{"description":"Prepare assets for target platform","duration":5},{"description":"Prepare splash screen","duration":1},{"description":"Run script only build","duration":38},{"description":"Postprocess built player","duration":48329}],"duration":52905}
Unloading 0 Unused Serialized files (Serialized files now loaded: 0)
Loaded scene 'Temp/__Backupscenes/0.backup'
	Deserialize:            0.583 ms
	Integration:            3.549 ms
	Integration of assets:  0.002 ms
	Thread Wait Time:       0.010 ms
	Total Operation Time:   4.143 ms
Unloading 0 unused Assets / (0 B). Loaded Objects now: 1762.
Memory consumption went from 101.9 MB to 101.9 MB.
Total: 4.915500 ms (FindLiveObjects: 0.093300 ms CreateObjectMapping: 0.017300 ms MarkObjects: 4.800300 ms  DeleteObjects: 0.003900 ms)

[BuildScript] BUILD SUCCESS: C:/Project/Match3/Build/Match3.apk
UnityEngine.Debug:ExtractStackTraceNoAlloc (byte*,int,string)
UnityEngine.StackTraceUtility:ExtractStackTrace ()
UnityEngine.DebugLogHandler:Internal_Log (UnityEngine.LogType,UnityEngine.LogOption,string,UnityEngine.Object)
UnityEngine.DebugLogHandler:LogFormat (UnityEngine.LogType,UnityEngine.Object,string,object[])
UnityEngine.Logger:Log (UnityEngine.LogType,object)
UnityEngine.Debug:Log (object)
BuildScript:BuildAndroid () (at Assets/Editor/BuildScript.cs:37)

(Filename: Assets/Editor/BuildScript.cs Line: 37)

Batchmode quit successfully invoked - shutting down!
Starting: C:\Program Files\Unity\Hub\Editor\6000.3.11f1\Editor\Data\PlaybackEngines\AndroidPlayer\OpenJDK\bin\java.exe -classpath "C:\Program Files\Unity\Hub\Editor\6000.3.11f1\Editor\Data\PlaybackEngines\AndroidPlayer\Tools\gradle\lib\gradle-launcher-8.13.jar" org.gradle.launcher.GradleMain "-Dorg.gradle.jvmargs=-Xmx4096m" "--stop" 
WorkingDir: 
Killing ADB server in 0.0582177 seconds.
[Physics::Module] Cleanup current backend.
[Physics::Module] Id: 0xf2b8ea05
Input System module state changed to: ShutdownInProgress.
Input System polling thread exited.
Input System module state changed to: Shutdown.
[Licensing::IpcConnector] LicenseClient-comes-6000.3.11-notifications channel disconnected successfully.
[Licensing::IpcConnector] LicenseClient-comes-6000.3.11 channel disconnected successfully.
AcceleratorClientConnectionCallback - disconnected - :0
Cleanup mono
Shut down.
abort_threads: Failed aborting id: 00000000000022B8, mono_thread_manage will ignore it

abort_threads: Failed aborting id: 0000000000006FE0, mono_thread_manage will ignore it

abort_threads: Failed aborting id: 0000000000006CBC, mono_thread_manage will ignore it

abort_threads: Failed aborting id: 00000000000022B8, mono_thread_manage will ignore it

abort_threads: Failed aborting id: 0000000000006FE0, mono_thread_manage will ignore it

abort_threads: Failed aborting id: 0000000000006CBC, mono_thread_manage will ignore it

debugger-agent: Unable to listen on 3820
Exiting batchmode successfully now!
Exiting without the bug reporter. Application will terminate with return code 0